mode: set
github.com/josh5276/servicenow/task.go:14.75,20.2 3 0
github.com/josh5276/servicenow/task.go:24.69,32.2 4 0
github.com/josh5276/servicenow/time.go:14.49,17.29 2 1
github.com/josh5276/servicenow/time.go:21.2,23.12 3 1
github.com/josh5276/servicenow/time.go:17.29,19.3 1 0
github.com/josh5276/servicenow/time.go:26.48,28.2 1 0
github.com/josh5276/servicenow/user.go:6.78,10.2 3 0
github.com/josh5276/servicenow/change.go:10.78,16.2 3 0
github.com/josh5276/servicenow/cmdb.go:7.68,13.2 3 0
github.com/josh5276/servicenow/service.go:21.29,22.20 1 1
github.com/josh5276/servicenow/service.go:25.2,25.47 1 1
github.com/josh5276/servicenow/service.go:22.20,24.3 1 0
github.com/josh5276/servicenow/service.go:33.31,35.2 1 1
github.com/josh5276/servicenow/service.go:41.113,44.31 2 1
github.com/josh5276/servicenow/service.go:48.2,55.14 3 1
github.com/josh5276/servicenow/service.go:60.2,60.17 1 1
github.com/josh5276/servicenow/service.go:64.2,67.17 3 1
github.com/josh5276/servicenow/service.go:74.2,75.16 2 1
github.com/josh5276/servicenow/service.go:79.2,79.17 1 1
github.com/josh5276/servicenow/service.go:83.2,86.16 3 1
github.com/josh5276/servicenow/service.go:90.2,98.36 5 1
github.com/josh5276/servicenow/service.go:102.2,102.41 1 1
github.com/josh5276/servicenow/service.go:44.31,46.3 1 0
github.com/josh5276/servicenow/service.go:55.14,58.3 2 0
github.com/josh5276/servicenow/service.go:60.17,62.3 1 0
github.com/josh5276/servicenow/service.go:67.17,69.59 2 0
github.com/josh5276/servicenow/service.go:69.59,71.4 1 0
github.com/josh5276/servicenow/service.go:75.16,77.3 1 0
github.com/josh5276/servicenow/service.go:79.17,81.3 1 0
github.com/josh5276/servicenow/service.go:86.16,88.3 1 0
github.com/josh5276/servicenow/service.go:98.36,100.3 1 1
github.com/josh5276/servicenow/service.go:107.89,109.2 1 0
github.com/josh5276/servicenow/service.go:113.85,115.2 1 0
github.com/josh5276/servicenow/service.go:119.93,125.2 3 0
github.com/josh5276/servicenow/service.go:129.66,131.2 1 0
